c:\users\arsh\downloads\assignment3\opengl\debug\vc142.pdb
c:\users\arsh\downloads\assignment3\opengl\debug\vc142.idb
c:\users\arsh\downloads\assignment3\opengl\debug\triangle.obj
c:\users\arsh\downloads\assignment3\opengl\debug\spotlight.obj
c:\users\arsh\downloads\assignment3\opengl\debug\sphere.obj
c:\users\arsh\downloads\assignment3\opengl\debug\scene.obj
c:\users\arsh\downloads\assignment3\opengl\debug\raytracer.obj
c:\users\arsh\downloads\assignment3\opengl\debug\q1.obj
c:\users\arsh\downloads\assignment3\opengl\debug\pointlight.obj
c:\users\arsh\downloads\assignment3\opengl\debug\plane.obj
c:\users\arsh\downloads\assignment3\opengl\debug\mesh.obj
c:\users\arsh\downloads\assignment3\opengl\debug\main.obj
c:\users\arsh\downloads\assignment3\opengl\debug\directionallight.obj
c:\users\arsh\downloads\assignment3\opengl\debug\ambientlight.obj
c:\users\arsh\downloads\assignment3\build\opengl.exe
c:\users\arsh\downloads\assignment3\build\opengl.ilk
c:\users\arsh\downloads\assignment3\build\opengl.pdb
c:\users\arsh\downloads\assignment3\\build\opengl.pdb
c:\users\arsh\downloads\assignment3\\build\opengl.ilk
c:\users\arsh\downloads\assignment3\opengl\debug\opengl.tlog\cl.command.1.tlog
c:\users\arsh\downloads\assignment3\opengl\debug\opengl.tlog\cl.read.1.tlog
c:\users\arsh\downloads\assignment3\opengl\debug\opengl.tlog\cl.write.1.tlog
c:\users\arsh\downloads\assignment3\opengl\debug\opengl.tlog\link.command.1.tlog
c:\users\arsh\downloads\assignment3\opengl\debug\opengl.tlog\link.read.1.tlog
c:\users\arsh\downloads\assignment3\opengl\debug\opengl.tlog\link.write.1.tlog
