C:\Program Files (x86)\Microsoft Visual Studio\2019\Community\MSBuild\Microsoft\VC\v160\Microsoft.CppBuild.targets(459,5): warning MSB8028: The intermediate directory (Debug\) contains files shared from another project (opengl.vcxproj, q1.vcxproj).  This can lead to incorrect clean and rebuild behavior.
  AmbientLight.cpp
  DirectionalLight.cpp
  main.cpp
C:\Users\Arsh\Desktop\CPU-Ray-Tracer\src\main.cpp(9,1): warning C4996: 'fopen': This function or variable may be unsafe. Consider using fopen_s instead. To disable deprecation, use _CRT_SECURE_NO_WARNINGS. See online help for details.
C:\Program Files (x86)\Windows Kits\10\Include\10.0.18362.0\ucrt\stdio.h(208): message : see declaration of 'fopen'
C:\Users\Arsh\Desktop\CPU-Ray-Tracer\src\main.cpp(101,19): warning C4244: 'argument': conversion from 'const double' to 'unsigned int', possible loss of data
C:\Users\Arsh\Desktop\CPU-Ray-Tracer\src\main.cpp(122,19): warning C4244: 'argument': conversion from 'const double' to 'unsigned int', possible loss of data
  Mesh.cpp
C:\Users\Arsh\Desktop\CPU-Ray-Tracer\src\Mesh.cpp(20,20): warning C4018: '<': signed/unsigned mismatch
  Plane.cpp
C:\Users\Arsh\Desktop\CPU-Ray-Tracer\src\Plane.cpp(34,10): warning C4244: '=': conversion from 'double' to 'float', possible loss of data
  PointLight.cpp
  q1.cpp
C:\Users\Arsh\Desktop\CPU-Ray-Tracer\src\q1.cpp(69,33): warning C4305: 'argument': truncation from 'double' to 'GLclampf'
C:\Users\Arsh\Desktop\CPU-Ray-Tracer\src\q1.cpp(184,30): warning C4244: 'argument': conversion from 'int' to 'GLfloat', possible loss of data
C:\Users\Arsh\Desktop\CPU-Ray-Tracer\src\q1.cpp(184,23): warning C4244: 'argument': conversion from 'int' to 'GLfloat', possible loss of data
  raytracer.cpp
C:\Users\Arsh\Desktop\CPU-Ray-Tracer\src\raytracer.cpp(111,20): warning C4018: '<': signed/unsigned mismatch
C:\Users\Arsh\Desktop\CPU-Ray-Tracer\src\raytracer.cpp(178,20): warning C4018: '<': signed/unsigned mismatch
  Scene.cpp
  Sphere.cpp
C:\Users\Arsh\Desktop\CPU-Ray-Tracer\src\Sphere.cpp(21,13): warning C4244: 'initializing': conversion from 'double' to 'float', possible loss of data
  SpotLight.cpp
  Triangle.cpp
C:\Users\Arsh\Desktop\CPU-Ray-Tracer\src\Triangle.cpp(35,11): warning C4244: '=': conversion from 'double' to 'float', possible loss of data
  Generating Code...
LINK : warning LNK4098: defaultlib 'LIBCMT' conflicts with use of other libs; use /NODEFAULTLIB:library
glew32s.lib(glew.obj) : warning LNK4099: PDB 'vc120.pdb' was not found with 'glew32s.lib(glew.obj)' or at 'C:\Users\Arsh\Desktop\CPU-Ray-Tracer\build\vc120.pdb'; linking object as if no debug info
freeglut_staticd.lib(fg_callbacks.obj) : warning LNK4099: PDB 'freeglut_static.pdb' was not found with 'freeglut_staticd.lib(fg_callbacks.obj)' or at 'C:\Users\Arsh\Desktop\CPU-Ray-Tracer\build\freeglut_static.pdb'; linking object as if no debug info
freeglut_staticd.lib(fg_cursor.obj) : warning LNK4099: PDB 'freeglut_static.pdb' was not found with 'freeglut_staticd.lib(fg_cursor.obj)' or at 'C:\Users\Arsh\Desktop\CPU-Ray-Tracer\build\freeglut_static.pdb'; linking object as if no debug info
freeglut_staticd.lib(fg_display.obj) : warning LNK4099: PDB 'freeglut_static.pdb' was not found with 'freeglut_staticd.lib(fg_display.obj)' or at 'C:\Users\Arsh\Desktop\CPU-Ray-Tracer\build\freeglut_static.pdb'; linking object as if no debug info
freeglut_staticd.lib(fg_ext.obj) : warning LNK4099: PDB 'freeglut_static.pdb' was not found with 'freeglut_staticd.lib(fg_ext.obj)' or at 'C:\Users\Arsh\Desktop\CPU-Ray-Tracer\build\freeglut_static.pdb'; linking object as if no debug info
freeglut_staticd.lib(fg_font_data.obj) : warning LNK4099: PDB 'freeglut_static.pdb' was not found with 'freeglut_staticd.lib(fg_font_data.obj)' or at 'C:\Users\Arsh\Desktop\CPU-Ray-Tracer\build\freeglut_static.pdb'; linking object as if no debug info
freeglut_staticd.lib(fg_gamemode.obj) : warning LNK4099: PDB 'freeglut_static.pdb' was not found with 'freeglut_staticd.lib(fg_gamemode.obj)' or at 'C:\Users\Arsh\Desktop\CPU-Ray-Tracer\build\freeglut_static.pdb'; linking object as if no debug info
freeglut_staticd.lib(fg_geometry.obj) : warning LNK4099: PDB 'freeglut_static.pdb' was not found with 'freeglut_staticd.lib(fg_geometry.obj)' or at 'C:\Users\Arsh\Desktop\CPU-Ray-Tracer\build\freeglut_static.pdb'; linking object as if no debug info
freeglut_staticd.lib(fg_gl2.obj) : warning LNK4099: PDB 'freeglut_static.pdb' was not found with 'freeglut_staticd.lib(fg_gl2.obj)' or at 'C:\Users\Arsh\Desktop\CPU-Ray-Tracer\build\freeglut_static.pdb'; linking object as if no debug info
freeglut_staticd.lib(fg_init.obj) : warning LNK4099: PDB 'freeglut_static.pdb' was not found with 'freeglut_staticd.lib(fg_init.obj)' or at 'C:\Users\Arsh\Desktop\CPU-Ray-Tracer\build\freeglut_static.pdb'; linking object as if no debug info
freeglut_staticd.lib(fg_input_devices.obj) : warning LNK4099: PDB 'freeglut_static.pdb' was not found with 'freeglut_staticd.lib(fg_input_devices.obj)' or at 'C:\Users\Arsh\Desktop\CPU-Ray-Tracer\build\freeglut_static.pdb'; linking object as if no debug info
freeglut_staticd.lib(fg_joystick.obj) : warning LNK4099: PDB 'freeglut_static.pdb' was not found with 'freeglut_staticd.lib(fg_joystick.obj)' or at 'C:\Users\Arsh\Desktop\CPU-Ray-Tracer\build\freeglut_static.pdb'; linking object as if no debug info
freeglut_staticd.lib(fg_main.obj) : warning LNK4099: PDB 'freeglut_static.pdb' was not found with 'freeglut_staticd.lib(fg_main.obj)' or at 'C:\Users\Arsh\Desktop\CPU-Ray-Tracer\build\freeglut_static.pdb'; linking object as if no debug info
freeglut_staticd.lib(fg_misc.obj) : warning LNK4099: PDB 'freeglut_static.pdb' was not found with 'freeglut_staticd.lib(fg_misc.obj)' or at 'C:\Users\Arsh\Desktop\CPU-Ray-Tracer\build\freeglut_static.pdb'; linking object as if no debug info
freeglut_staticd.lib(fg_overlay.obj) : warning LNK4099: PDB 'freeglut_static.pdb' was not found with 'freeglut_staticd.lib(fg_overlay.obj)' or at 'C:\Users\Arsh\Desktop\CPU-Ray-Tracer\build\freeglut_static.pdb'; linking object as if no debug info
freeglut_staticd.lib(fg_spaceball.obj) : warning LNK4099: PDB 'freeglut_static.pdb' was not found with 'freeglut_staticd.lib(fg_spaceball.obj)' or at 'C:\Users\Arsh\Desktop\CPU-Ray-Tracer\build\freeglut_static.pdb'; linking object as if no debug info
freeglut_staticd.lib(fg_state.obj) : warning LNK4099: PDB 'freeglut_static.pdb' was not found with 'freeglut_staticd.lib(fg_state.obj)' or at 'C:\Users\Arsh\Desktop\CPU-Ray-Tracer\build\freeglut_static.pdb'; linking object as if no debug info
freeglut_staticd.lib(fg_stroke_mono_roman.obj) : warning LNK4099: PDB 'freeglut_static.pdb' was not found with 'freeglut_staticd.lib(fg_stroke_mono_roman.obj)' or at 'C:\Users\Arsh\Desktop\CPU-Ray-Tracer\build\freeglut_static.pdb'; linking object as if no debug info
freeglut_staticd.lib(fg_stroke_roman.obj) : warning LNK4099: PDB 'freeglut_static.pdb' was not found with 'freeglut_staticd.lib(fg_stroke_roman.obj)' or at 'C:\Users\Arsh\Desktop\CPU-Ray-Tracer\build\freeglut_static.pdb'; linking object as if no debug info
freeglut_staticd.lib(fg_structure.obj) : warning LNK4099: PDB 'freeglut_static.pdb' was not found with 'freeglut_staticd.lib(fg_structure.obj)' or at 'C:\Users\Arsh\Desktop\CPU-Ray-Tracer\build\freeglut_static.pdb'; linking object as if no debug info
freeglut_staticd.lib(fg_teapot.obj) : warning LNK4099: PDB 'freeglut_static.pdb' was not found with 'freeglut_staticd.lib(fg_teapot.obj)' or at 'C:\Users\Arsh\Desktop\CPU-Ray-Tracer\build\freeglut_static.pdb'; linking object as if no debug info
freeglut_staticd.lib(fg_videoresize.obj) : warning LNK4099: PDB 'freeglut_static.pdb' was not found with 'freeglut_staticd.lib(fg_videoresize.obj)' or at 'C:\Users\Arsh\Desktop\CPU-Ray-Tracer\build\freeglut_static.pdb'; linking object as if no debug info
freeglut_staticd.lib(fg_window.obj) : warning LNK4099: PDB 'freeglut_static.pdb' was not found with 'freeglut_staticd.lib(fg_window.obj)' or at 'C:\Users\Arsh\Desktop\CPU-Ray-Tracer\build\freeglut_static.pdb'; linking object as if no debug info
freeglut_staticd.lib(fg_font.obj) : warning LNK4099: PDB 'freeglut_static.pdb' was not found with 'freeglut_staticd.lib(fg_font.obj)' or at 'C:\Users\Arsh\Desktop\CPU-Ray-Tracer\build\freeglut_static.pdb'; linking object as if no debug info
freeglut_staticd.lib(fg_menu.obj) : warning LNK4099: PDB 'freeglut_static.pdb' was not found with 'freeglut_staticd.lib(fg_menu.obj)' or at 'C:\Users\Arsh\Desktop\CPU-Ray-Tracer\build\freeglut_static.pdb'; linking object as if no debug info
freeglut_staticd.lib(fg_cursor_mswin.obj) : warning LNK4099: PDB 'freeglut_static.pdb' was not found with 'freeglut_staticd.lib(fg_cursor_mswin.obj)' or at 'C:\Users\Arsh\Desktop\CPU-Ray-Tracer\build\freeglut_static.pdb'; linking object as if no debug info
freeglut_staticd.lib(fg_display_mswin.obj) : warning LNK4099: PDB 'freeglut_static.pdb' was not found with 'freeglut_staticd.lib(fg_display_mswin.obj)' or at 'C:\Users\Arsh\Desktop\CPU-Ray-Tracer\build\freeglut_static.pdb'; linking object as if no debug info
freeglut_staticd.lib(fg_ext_mswin.obj) : warning LNK4099: PDB 'freeglut_static.pdb' was not found with 'freeglut_staticd.lib(fg_ext_mswin.obj)' or at 'C:\Users\Arsh\Desktop\CPU-Ray-Tracer\build\freeglut_static.pdb'; linking object as if no debug info
freeglut_staticd.lib(fg_gamemode_mswin.obj) : warning LNK4099: PDB 'freeglut_static.pdb' was not found with 'freeglut_staticd.lib(fg_gamemode_mswin.obj)' or at 'C:\Users\Arsh\Desktop\CPU-Ray-Tracer\build\freeglut_static.pdb'; linking object as if no debug info
freeglut_staticd.lib(fg_init_mswin.obj) : warning LNK4099: PDB 'freeglut_static.pdb' was not found with 'freeglut_staticd.lib(fg_init_mswin.obj)' or at 'C:\Users\Arsh\Desktop\CPU-Ray-Tracer\build\freeglut_static.pdb'; linking object as if no debug info
freeglut_staticd.lib(fg_input_devices_mswin.obj) : warning LNK4099: PDB 'freeglut_static.pdb' was not found with 'freeglut_staticd.lib(fg_input_devices_mswin.obj)' or at 'C:\Users\Arsh\Desktop\CPU-Ray-Tracer\build\freeglut_static.pdb'; linking object as if no debug info
freeglut_staticd.lib(fg_joystick_mswin.obj) : warning LNK4099: PDB 'freeglut_static.pdb' was not found with 'freeglut_staticd.lib(fg_joystick_mswin.obj)' or at 'C:\Users\Arsh\Desktop\CPU-Ray-Tracer\build\freeglut_static.pdb'; linking object as if no debug info
freeglut_staticd.lib(fg_main_mswin.obj) : warning LNK4099: PDB 'freeglut_static.pdb' was not found with 'freeglut_staticd.lib(fg_main_mswin.obj)' or at 'C:\Users\Arsh\Desktop\CPU-Ray-Tracer\build\freeglut_static.pdb'; linking object as if no debug info
freeglut_staticd.lib(fg_menu_mswin.obj) : warning LNK4099: PDB 'freeglut_static.pdb' was not found with 'freeglut_staticd.lib(fg_menu_mswin.obj)' or at 'C:\Users\Arsh\Desktop\CPU-Ray-Tracer\build\freeglut_static.pdb'; linking object as if no debug info
freeglut_staticd.lib(fg_spaceball_mswin.obj) : warning LNK4099: PDB 'freeglut_static.pdb' was not found with 'freeglut_staticd.lib(fg_spaceball_mswin.obj)' or at 'C:\Users\Arsh\Desktop\CPU-Ray-Tracer\build\freeglut_static.pdb'; linking object as if no debug info
freeglut_staticd.lib(fg_state_mswin.obj) : warning LNK4099: PDB 'freeglut_static.pdb' was not found with 'freeglut_staticd.lib(fg_state_mswin.obj)' or at 'C:\Users\Arsh\Desktop\CPU-Ray-Tracer\build\freeglut_static.pdb'; linking object as if no debug info
freeglut_staticd.lib(fg_structure_mswin.obj) : warning LNK4099: PDB 'freeglut_static.pdb' was not found with 'freeglut_staticd.lib(fg_structure_mswin.obj)' or at 'C:\Users\Arsh\Desktop\CPU-Ray-Tracer\build\freeglut_static.pdb'; linking object as if no debug info
freeglut_staticd.lib(fg_window_mswin.obj) : warning LNK4099: PDB 'freeglut_static.pdb' was not found with 'freeglut_staticd.lib(fg_window_mswin.obj)' or at 'C:\Users\Arsh\Desktop\CPU-Ray-Tracer\build\freeglut_static.pdb'; linking object as if no debug info
freeglut_staticd.lib(xparsegeometry_repl.obj) : warning LNK4099: PDB 'freeglut_static.pdb' was not found with 'freeglut_staticd.lib(xparsegeometry_repl.obj)' or at 'C:\Users\Arsh\Desktop\CPU-Ray-Tracer\build\freeglut_static.pdb'; linking object as if no debug info
  opengl.vcxproj -> C:\Users\Arsh\Desktop\CPU-Ray-Tracer\\build\RayTracer.exe
